<?xml version="1.0" encoding="UTF-8" ?>
<testsuite tests="19" failures="0" name="cucumberOptions.TestRunner" time="4.514" errors="0" skipped="0">
  <properties>
[...]
</properties>
  <testcase classname="| pass1111 |" name="When User clicks on Preference Option" time="0.003"/>
  <testcase classname="| pass1111 |" name="And clicks on Preference Dependencies Option" time="0"/>
  <testcase classname="| pass1111 |" name="Then User should be able to set the wifi of the device using the password pass1111" time="0"/>
  <testcase classname="| pass1111 |" name="| pass1111 |" time="1.942"/>
  <testcase classname="| pass2222 |" name="When User clicks on Preference Option" time="0"/>
  <testcase classname="| pass2222 |" name="And clicks on Preference Dependencies Option" time="0"/>
  <testcase classname="| pass2222 |" name="Then User should be able to set the wifi of the device using the password pass2222" time="0.001"/>
  <testcase classname="| pass2222 |" name="| pass2222 |" time="0.985"/>
  <testcase classname="Scenario: APIDemos_RetrivingDogsInfo" name="When User navigates to Custom Adapter page" time="0.001"/>
  <testcase classname="Scenario: APIDemos_RetrivingDogsInfo" name="Then User should be able to retrieve dogs information" time="0"/>
  <testcase classname="Scenario: APIDemos_RetrivingDogsInfo" name="Scenario: APIDemos_RetrivingDogsInfo" time="0.546"/>
  <testcase classname="Scenario: APIDemos_PlayingRedDots" name="When User taps on View Option" time="0.001"/>
  <testcase classname="Scenario: APIDemos_PlayingRedDots" name="And Taps on Drag And Drop Option" time="0"/>
  <testcase classname="Scenario: APIDemos_PlayingRedDots" name="Then User should be able to perform drag and drop operation from the first dot over the third dot" time="0.001"/>
  <testcase classname="Scenario: APIDemos_PlayingRedDots" name="Scenario: APIDemos_PlayingRedDots" time="0.254"/>
  <testcase classname="Scenario: APIDemos_MakingPopUps" name="When User taps on Views option" time="0"/>
  <testcase classname="Scenario: APIDemos_MakingPopUps" name="And taps on Pop Up option" time="0"/>
  <testcase classname="Scenario: APIDemos_MakingPopUps" name="Then User should be able to make a pop up" time="0"/>
  <testcase classname="Scenario: APIDemos_MakingPopUps" name="Scenario: APIDemos_MakingPopUps" time="0.78"/>
</testsuite>